[debug] [2023-09-12T03:24:55.074Z] ----------------------------------------------------------------------
[debug] [2023-09-12T03:24:55.075Z] Command:       C:\Program Files\nodejs\node.exe C:\Users\deadbead\AppData\Roaming\npm\node_modules\firebase-tools\lib\bin\firebase.js deploy
[debug] [2023-09-12T03:24:55.076Z] CLI Version:   11.27.0
[debug] [2023-09-12T03:24:55.076Z] Platform:      win32
[debug] [2023-09-12T03:24:55.076Z] Node Version:  v18.16.0
[debug] [2023-09-12T03:24:55.077Z] Time:          Tue Sep 12 2023 06:24:55 GMT+0300 (Москва, стандартное время)
[debug] [2023-09-12T03:24:55.077Z] ----------------------------------------------------------------------
[debug] 
[debug] [2023-09-12T03:24:55.134Z] > command requires scopes: ["email","openid","https://www.googleapis.com/auth/cloudplatformprojects.readonly","https://www.googleapis.com/auth/firebase","https://www.googleapis.com/auth/cloud-platform"]
[debug] [2023-09-12T03:24:55.135Z] > authorizing via signed-in user (deadbead@gmail.com)
[debug] [2023-09-12T03:24:55.135Z] [iam] checking project fs-football-contest for permissions ["firebase.projects.get","firebasehosting.sites.update"]
[debug] [2023-09-12T03:24:55.136Z] >>> [apiv2][query] POST https://cloudresourcemanager.googleapis.com/v1/projects/fs-football-contest:testIamPermissions [none]
[debug] [2023-09-12T03:24:55.137Z] >>> [apiv2][(partial)header] POST https://cloudresourcemanager.googleapis.com/v1/projects/fs-football-contest:testIamPermissions x-goog-quota-user=projects/fs-football-contest
[debug] [2023-09-12T03:24:55.137Z] >>> [apiv2][body] POST https://cloudresourcemanager.googleapis.com/v1/projects/fs-football-contest:testIamPermissions {"permissions":["firebase.projects.get","firebasehosting.sites.update"]}
[debug] [2023-09-12T03:24:56.011Z] <<< [apiv2][status] POST https://cloudresourcemanager.googleapis.com/v1/projects/fs-football-contest:testIamPermissions 200
[debug] [2023-09-12T03:24:56.012Z] <<< [apiv2][body] POST https://cloudresourcemanager.googleapis.com/v1/projects/fs-football-contest:testIamPermissions {"permissions":["firebase.projects.get","firebasehosting.sites.update"]}
[debug] [2023-09-12T03:24:56.013Z] >>> [apiv2][query] GET https://firebase.googleapis.com/v1beta1/projects/fs-football-contest [none]
[debug] [2023-09-12T03:24:56.334Z] <<< [apiv2][status] GET https://firebase.googleapis.com/v1beta1/projects/fs-football-contest 200
[debug] [2023-09-12T03:24:56.334Z] <<< [apiv2][body] GET https://firebase.googleapis.com/v1beta1/projects/fs-football-contest {"projectId":"fs-football-contest","projectNumber":"379991029640","displayName":"fs-football-contest ","name":"projects/fs-football-contest","resources":{"hostingSite":"fs-football-contest"},"state":"ACTIVE","etag":"1_34668649-897a-4b33-91e0-8ac78f2bd6fe"}
[info] 
[info] === Deploying to 'fs-football-contest'...
[info] 
[info] i  deploying hosting 
[debug] [2023-09-12T03:24:56.341Z] >>> [apiv2][query] POST https://firebasehosting.googleapis.com/v1beta1/projects/-/sites/fs-football-contest/versions [none]
[debug] [2023-09-12T03:24:56.341Z] >>> [apiv2][body] POST https://firebasehosting.googleapis.com/v1beta1/projects/-/sites/fs-football-contest/versions {"status":"CREATED","labels":{"deployment-tool":"cli-firebase"}}
[debug] [2023-09-12T03:24:57.558Z] <<< [apiv2][status] POST https://firebasehosting.googleapis.com/v1beta1/projects/-/sites/fs-football-contest/versions 200
[debug] [2023-09-12T03:24:57.558Z] <<< [apiv2][body] POST https://firebasehosting.googleapis.com/v1beta1/projects/-/sites/fs-football-contest/versions {"name":"projects/379991029640/sites/fs-football-contest/versions/cffe7cc1f62fea80","status":"CREATED","config":{},"labels":{"deployment-tool":"cli-firebase"}}
[info] i  hosting[fs-football-contest]: beginning deploy... 
[info] i  hosting[fs-football-contest]: found 9 files in build 
[debug] [2023-09-12T03:24:57.566Z] [hosting] uploading with 200 concurrency
